CRITICAL - 2023-09-25 09:45:38 --> syntax error, unexpected single-quoted string "/public/assets/lib/animate/ani...", expecting "," or ";"
in APPPATH\Views\userindex.php on line 24.
 1 SYSTEMPATH\View\View.php(229): CodeIgniter\View\View->CodeIgniter\View\{closure}()
 2 SYSTEMPATH\Common.php(1188): CodeIgniter\View\View->render('userindex', [], true)
 3 APPPATH\Controllers\UserController.php(9): view('userindex')
 4 SYSTEMPATH\CodeIgniter.php(919): App\Controllers\UserController->userindex()
 5 SYSTEMPATH\CodeIgniter.php(494): CodeIgniter\CodeIgniter->runController(Object(App\Controllers\UserController))
 6 SYSTEMPATH\CodeIgniter.php(353): CodeIgniter\CodeIgniter->handleRequest(null, Object(Config\Cache), false)
 7 FCPATH\index.php(79): CodeIgniter\CodeIgniter->run()
 8 SYSTEMPATH\Commands\Server\rewrite.php(47): require_once('D:\\laragon\\www\\eCommerce\\public\\index.php')
CRITICAL - 2023-09-25 10:34:22 --> Invalid file: "views/User/top.php"
in SYSTEMPATH\Exceptions\FrameworkException.php on line 39.
 1 SYSTEMPATH\View\View.php(214): CodeIgniter\Exceptions\FrameworkException::forInvalidFile('views/User/top.php')
 2 SYSTEMPATH\View\View.php(467): CodeIgniter\View\View->render('views/User/top', null, true)
 3 APPPATH\Views\userindex.php(1): CodeIgniter\View\View->include('views/User/top')
 4 SYSTEMPATH\View\View.php(226): include('D:\\laragon\\www\\eCommerce\\app\\Views\\userindex.php')
 5 SYSTEMPATH\View\View.php(229): CodeIgniter\View\View->CodeIgniter\View\{closure}()
 6 SYSTEMPATH\Common.php(1188): CodeIgniter\View\View->render('userindex', [], true)
 7 APPPATH\Controllers\UserController.php(9): view('userindex')
 8 SYSTEMPATH\CodeIgniter.php(919): App\Controllers\UserController->userindex()
 9 SYSTEMPATH\CodeIgniter.php(494): CodeIgniter\CodeIgniter->runController(Object(App\Controllers\UserController))
10 SYSTEMPATH\CodeIgniter.php(353): CodeIgniter\CodeIgniter->handleRequest(null, Object(Config\Cache), false)
11 FCPATH\index.php(79): CodeIgniter\CodeIgniter->run()
12 SYSTEMPATH\Commands\Server\rewrite.php(47): require_once('D:\\laragon\\www\\eCommerce\\public\\index.php')
CRITICAL - 2023-09-25 10:34:42 --> Invalid file: "views/User/end.php"
in SYSTEMPATH\Exceptions\FrameworkException.php on line 39.
 1 SYSTEMPATH\View\View.php(214): CodeIgniter\Exceptions\FrameworkException::forInvalidFile('views/User/end.php')
 2 SYSTEMPATH\View\View.php(467): CodeIgniter\View\View->render('views/User/end', null, true)
 3 APPPATH\Views\userindex.php(81): CodeIgniter\View\View->include('views/User/end')
 4 SYSTEMPATH\View\View.php(226): include('D:\\laragon\\www\\eCommerce\\app\\Views\\userindex.php')
 5 SYSTEMPATH\View\View.php(229): CodeIgniter\View\View->CodeIgniter\View\{closure}()
 6 SYSTEMPATH\Common.php(1188): CodeIgniter\View\View->render('userindex', [], true)
 7 APPPATH\Controllers\UserController.php(9): view('userindex')
 8 SYSTEMPATH\CodeIgniter.php(919): App\Controllers\UserController->userindex()
 9 SYSTEMPATH\CodeIgniter.php(494): CodeIgniter\CodeIgniter->runController(Object(App\Controllers\UserController))
10 SYSTEMPATH\CodeIgniter.php(353): CodeIgniter\CodeIgniter->handleRequest(null, Object(Config\Cache), false)
11 FCPATH\index.php(79): CodeIgniter\CodeIgniter->run()
12 SYSTEMPATH\Commands\Server\rewrite.php(47): require_once('D:\\laragon\\www\\eCommerce\\public\\index.php')
CRITICAL - 2023-09-25 10:34:47 --> Invalid file: "views/User/end.php"
in SYSTEMPATH\Exceptions\FrameworkException.php on line 39.
 1 SYSTEMPATH\View\View.php(214): CodeIgniter\Exceptions\FrameworkException::forInvalidFile('views/User/end.php')
 2 SYSTEMPATH\View\View.php(467): CodeIgniter\View\View->render('views/User/end', null, true)
 3 APPPATH\Views\userindex.php(81): CodeIgniter\View\View->include('views/User/end')
 4 SYSTEMPATH\View\View.php(226): include('D:\\laragon\\www\\eCommerce\\app\\Views\\userindex.php')
 5 SYSTEMPATH\View\View.php(229): CodeIgniter\View\View->CodeIgniter\View\{closure}()
 6 SYSTEMPATH\Common.php(1188): CodeIgniter\View\View->render('userindex', [], true)
 7 APPPATH\Controllers\UserController.php(9): view('userindex')
 8 SYSTEMPATH\CodeIgniter.php(919): App\Controllers\UserController->userindex()
 9 SYSTEMPATH\CodeIgniter.php(494): CodeIgniter\CodeIgniter->runController(Object(App\Controllers\UserController))
10 SYSTEMPATH\CodeIgniter.php(353): CodeIgniter\CodeIgniter->handleRequest(null, Object(Config\Cache), false)
11 FCPATH\index.php(79): CodeIgniter\CodeIgniter->run()
12 SYSTEMPATH\Commands\Server\rewrite.php(47): require_once('D:\\laragon\\www\\eCommerce\\public\\index.php')
CRITICAL - 2023-09-25 11:01:21 --> syntax error, unexpected token "echo"
in APPPATH\Views\Admin\top.php on line 13.
 1 SYSTEMPATH\View\View.php(229): CodeIgniter\View\View->CodeIgniter\View\{closure}()
 2 SYSTEMPATH\View\View.php(467): CodeIgniter\View\View->render('/Admin/top', null, true)
 3 APPPATH\Views\Admin\adminindex.php(1): CodeIgniter\View\View->include('/Admin/top')
 4 SYSTEMPATH\View\View.php(226): include('D:\\laragon\\www\\eCommerce\\app\\Views\\Admin\\adminindex.php')
 5 SYSTEMPATH\View\View.php(229): CodeIgniter\View\View->CodeIgniter\View\{closure}()
 6 SYSTEMPATH\Common.php(1188): CodeIgniter\View\View->render('Admin/adminindex', [], true)
 7 APPPATH\Controllers\UserController.php(14): view('Admin/adminindex')
 8 SYSTEMPATH\CodeIgniter.php(919): App\Controllers\UserController->adminindex()
 9 SYSTEMPATH\CodeIgniter.php(494): CodeIgniter\CodeIgniter->runController(Object(App\Controllers\UserController))
10 SYSTEMPATH\CodeIgniter.php(353): CodeIgniter\CodeIgniter->handleRequest(null, Object(Config\Cache), false)
11 FCPATH\index.php(79): CodeIgniter\CodeIgniter->run()
12 SYSTEMPATH\Commands\Server\rewrite.php(47): require_once('D:\\laragon\\www\\eCommerce\\public\\index.php')
CRITICAL - 2023-09-25 12:03:10 --> syntax error, unexpected token "."
in APPPATH\Views\Admin\end.php on line 2.
 1 SYSTEMPATH\View\View.php(229): CodeIgniter\View\View->CodeIgniter\View\{closure}()
 2 SYSTEMPATH\View\View.php(467): CodeIgniter\View\View->render('Admin/end', null, true)
 3 APPPATH\Views\Admin\adminindex.php(304): CodeIgniter\View\View->include('Admin/end')
 4 SYSTEMPATH\View\View.php(226): include('D:\\laragon\\www\\eCommerce\\app\\Views\\Admin\\adminindex.php')
 5 SYSTEMPATH\View\View.php(229): CodeIgniter\View\View->CodeIgniter\View\{closure}()
 6 SYSTEMPATH\Common.php(1188): CodeIgniter\View\View->render('Admin/adminindex', [], true)
 7 APPPATH\Controllers\UserController.php(14): view('Admin/adminindex')
 8 SYSTEMPATH\CodeIgniter.php(919): App\Controllers\UserController->adminindex()
 9 SYSTEMPATH\CodeIgniter.php(494): CodeIgniter\CodeIgniter->runController(Object(App\Controllers\UserController))
10 SYSTEMPATH\CodeIgniter.php(353): CodeIgniter\CodeIgniter->handleRequest(null, Object(Config\Cache), false)
11 FCPATH\index.php(79): CodeIgniter\CodeIgniter->run()
12 SYSTEMPATH\Commands\Server\rewrite.php(47): require_once('D:\\laragon\\www\\eCommerce\\public\\index.php')
CRITICAL - 2023-09-25 12:03:36 --> syntax error, unexpected token "."
in APPPATH\Views\Admin\end.php on line 2.
 1 SYSTEMPATH\View\View.php(229): CodeIgniter\View\View->CodeIgniter\View\{closure}()
 2 SYSTEMPATH\View\View.php(467): CodeIgniter\View\View->render('Admin/end', null, true)
 3 APPPATH\Views\Admin\adminindex.php(304): CodeIgniter\View\View->include('Admin/end')
 4 SYSTEMPATH\View\View.php(226): include('D:\\laragon\\www\\eCommerce\\app\\Views\\Admin\\adminindex.php')
 5 SYSTEMPATH\View\View.php(229): CodeIgniter\View\View->CodeIgniter\View\{closure}()
 6 SYSTEMPATH\Common.php(1188): CodeIgniter\View\View->render('Admin/adminindex', [], true)
 7 APPPATH\Controllers\UserController.php(14): view('Admin/adminindex')
 8 SYSTEMPATH\CodeIgniter.php(919): App\Controllers\UserController->adminindex()
 9 SYSTEMPATH\CodeIgniter.php(494): CodeIgniter\CodeIgniter->runController(Object(App\Controllers\UserController))
10 SYSTEMPATH\CodeIgniter.php(353): CodeIgniter\CodeIgniter->handleRequest(null, Object(Config\Cache), false)
11 FCPATH\index.php(79): CodeIgniter\CodeIgniter->run()
12 SYSTEMPATH\Commands\Server\rewrite.php(47): require_once('D:\\laragon\\www\\eCommerce\\public\\index.php')
CRITICAL - 2023-09-25 12:03:37 --> syntax error, unexpected token "."
in APPPATH\Views\Admin\end.php on line 2.
 1 SYSTEMPATH\View\View.php(229): CodeIgniter\View\View->CodeIgniter\View\{closure}()
 2 SYSTEMPATH\View\View.php(467): CodeIgniter\View\View->render('Admin/end', null, true)
 3 APPPATH\Views\Admin\adminindex.php(304): CodeIgniter\View\View->include('Admin/end')
 4 SYSTEMPATH\View\View.php(226): include('D:\\laragon\\www\\eCommerce\\app\\Views\\Admin\\adminindex.php')
 5 SYSTEMPATH\View\View.php(229): CodeIgniter\View\View->CodeIgniter\View\{closure}()
 6 SYSTEMPATH\Common.php(1188): CodeIgniter\View\View->render('Admin/adminindex', [], true)
 7 APPPATH\Controllers\UserController.php(14): view('Admin/adminindex')
 8 SYSTEMPATH\CodeIgniter.php(919): App\Controllers\UserController->adminindex()
 9 SYSTEMPATH\CodeIgniter.php(494): CodeIgniter\CodeIgniter->runController(Object(App\Controllers\UserController))
10 SYSTEMPATH\CodeIgniter.php(353): CodeIgniter\CodeIgniter->handleRequest(null, Object(Config\Cache), false)
11 FCPATH\index.php(79): CodeIgniter\CodeIgniter->run()
12 SYSTEMPATH\Commands\Server\rewrite.php(47): require_once('D:\\laragon\\www\\eCommerce\\public\\index.php')
CRITICAL - 2023-09-25 12:03:37 --> syntax error, unexpected token "."
in APPPATH\Views\Admin\end.php on line 2.
 1 SYSTEMPATH\View\View.php(229): CodeIgniter\View\View->CodeIgniter\View\{closure}()
 2 SYSTEMPATH\View\View.php(467): CodeIgniter\View\View->render('Admin/end', null, true)
 3 APPPATH\Views\Admin\adminindex.php(304): CodeIgniter\View\View->include('Admin/end')
 4 SYSTEMPATH\View\View.php(226): include('D:\\laragon\\www\\eCommerce\\app\\Views\\Admin\\adminindex.php')
 5 SYSTEMPATH\View\View.php(229): CodeIgniter\View\View->CodeIgniter\View\{closure}()
 6 SYSTEMPATH\Common.php(1188): CodeIgniter\View\View->render('Admin/adminindex', [], true)
 7 APPPATH\Controllers\UserController.php(14): view('Admin/adminindex')
 8 SYSTEMPATH\CodeIgniter.php(919): App\Controllers\UserController->adminindex()
 9 SYSTEMPATH\CodeIgniter.php(494): CodeIgniter\CodeIgniter->runController(Object(App\Controllers\UserController))
10 SYSTEMPATH\CodeIgniter.php(353): CodeIgniter\CodeIgniter->handleRequest(null, Object(Config\Cache), false)
11 FCPATH\index.php(79): CodeIgniter\CodeIgniter->run()
12 SYSTEMPATH\Commands\Server\rewrite.php(47): require_once('D:\\laragon\\www\\eCommerce\\public\\index.php')
CRITICAL - 2023-09-25 12:03:37 --> syntax error, unexpected token "."
in APPPATH\Views\Admin\end.php on line 2.
 1 SYSTEMPATH\View\View.php(229): CodeIgniter\View\View->CodeIgniter\View\{closure}()
 2 SYSTEMPATH\View\View.php(467): CodeIgniter\View\View->render('Admin/end', null, true)
 3 APPPATH\Views\Admin\adminindex.php(304): CodeIgniter\View\View->include('Admin/end')
 4 SYSTEMPATH\View\View.php(226): include('D:\\laragon\\www\\eCommerce\\app\\Views\\Admin\\adminindex.php')
 5 SYSTEMPATH\View\View.php(229): CodeIgniter\View\View->CodeIgniter\View\{closure}()
 6 SYSTEMPATH\Common.php(1188): CodeIgniter\View\View->render('Admin/adminindex', [], true)
 7 APPPATH\Controllers\UserController.php(14): view('Admin/adminindex')
 8 SYSTEMPATH\CodeIgniter.php(919): App\Controllers\UserController->adminindex()
 9 SYSTEMPATH\CodeIgniter.php(494): CodeIgniter\CodeIgniter->runController(Object(App\Controllers\UserController))
10 SYSTEMPATH\CodeIgniter.php(353): CodeIgniter\CodeIgniter->handleRequest(null, Object(Config\Cache), false)
11 FCPATH\index.php(79): CodeIgniter\CodeIgniter->run()
12 SYSTEMPATH\Commands\Server\rewrite.php(47): require_once('D:\\laragon\\www\\eCommerce\\public\\index.php')
CRITICAL - 2023-09-25 12:03:37 --> syntax error, unexpected token "."
in APPPATH\Views\Admin\end.php on line 2.
 1 SYSTEMPATH\View\View.php(229): CodeIgniter\View\View->CodeIgniter\View\{closure}()
 2 SYSTEMPATH\View\View.php(467): CodeIgniter\View\View->render('Admin/end', null, true)
 3 APPPATH\Views\Admin\adminindex.php(304): CodeIgniter\View\View->include('Admin/end')
 4 SYSTEMPATH\View\View.php(226): include('D:\\laragon\\www\\eCommerce\\app\\Views\\Admin\\adminindex.php')
 5 SYSTEMPATH\View\View.php(229): CodeIgniter\View\View->CodeIgniter\View\{closure}()
 6 SYSTEMPATH\Common.php(1188): CodeIgniter\View\View->render('Admin/adminindex', [], true)
 7 APPPATH\Controllers\UserController.php(14): view('Admin/adminindex')
 8 SYSTEMPATH\CodeIgniter.php(919): App\Controllers\UserController->adminindex()
 9 SYSTEMPATH\CodeIgniter.php(494): CodeIgniter\CodeIgniter->runController(Object(App\Controllers\UserController))
10 SYSTEMPATH\CodeIgniter.php(353): CodeIgniter\CodeIgniter->handleRequest(null, Object(Config\Cache), false)
11 FCPATH\index.php(79): CodeIgniter\CodeIgniter->run()
12 SYSTEMPATH\Commands\Server\rewrite.php(47): require_once('D:\\laragon\\www\\eCommerce\\public\\index.php')
CRITICAL - 2023-09-25 12:03:37 --> syntax error, unexpected token "."
in APPPATH\Views\Admin\end.php on line 2.
 1 SYSTEMPATH\View\View.php(229): CodeIgniter\View\View->CodeIgniter\View\{closure}()
 2 SYSTEMPATH\View\View.php(467): CodeIgniter\View\View->render('Admin/end', null, true)
 3 APPPATH\Views\Admin\adminindex.php(304): CodeIgniter\View\View->include('Admin/end')
 4 SYSTEMPATH\View\View.php(226): include('D:\\laragon\\www\\eCommerce\\app\\Views\\Admin\\adminindex.php')
 5 SYSTEMPATH\View\View.php(229): CodeIgniter\View\View->CodeIgniter\View\{closure}()
 6 SYSTEMPATH\Common.php(1188): CodeIgniter\View\View->render('Admin/adminindex', [], true)
 7 APPPATH\Controllers\UserController.php(14): view('Admin/adminindex')
 8 SYSTEMPATH\CodeIgniter.php(919): App\Controllers\UserController->adminindex()
 9 SYSTEMPATH\CodeIgniter.php(494): CodeIgniter\CodeIgniter->runController(Object(App\Controllers\UserController))
10 SYSTEMPATH\CodeIgniter.php(353): CodeIgniter\CodeIgniter->handleRequest(null, Object(Config\Cache), false)
11 FCPATH\index.php(79): CodeIgniter\CodeIgniter->run()
12 SYSTEMPATH\Commands\Server\rewrite.php(47): require_once('D:\\laragon\\www\\eCommerce\\public\\index.php')
CRITICAL - 2023-09-25 12:03:38 --> syntax error, unexpected token "."
in APPPATH\Views\Admin\end.php on line 2.
 1 SYSTEMPATH\View\View.php(229): CodeIgniter\View\View->CodeIgniter\View\{closure}()
 2 SYSTEMPATH\View\View.php(467): CodeIgniter\View\View->render('Admin/end', null, true)
 3 APPPATH\Views\Admin\adminindex.php(304): CodeIgniter\View\View->include('Admin/end')
 4 SYSTEMPATH\View\View.php(226): include('D:\\laragon\\www\\eCommerce\\app\\Views\\Admin\\adminindex.php')
 5 SYSTEMPATH\View\View.php(229): CodeIgniter\View\View->CodeIgniter\View\{closure}()
 6 SYSTEMPATH\Common.php(1188): CodeIgniter\View\View->render('Admin/adminindex', [], true)
 7 APPPATH\Controllers\UserController.php(14): view('Admin/adminindex')
 8 SYSTEMPATH\CodeIgniter.php(919): App\Controllers\UserController->adminindex()
 9 SYSTEMPATH\CodeIgniter.php(494): CodeIgniter\CodeIgniter->runController(Object(App\Controllers\UserController))
10 SYSTEMPATH\CodeIgniter.php(353): CodeIgniter\CodeIgniter->handleRequest(null, Object(Config\Cache), false)
11 FCPATH\index.php(79): CodeIgniter\CodeIgniter->run()
12 SYSTEMPATH\Commands\Server\rewrite.php(47): require_once('D:\\laragon\\www\\eCommerce\\public\\index.php')
CRITICAL - 2023-09-25 12:03:38 --> syntax error, unexpected token "."
in APPPATH\Views\Admin\end.php on line 2.
 1 SYSTEMPATH\View\View.php(229): CodeIgniter\View\View->CodeIgniter\View\{closure}()
 2 SYSTEMPATH\View\View.php(467): CodeIgniter\View\View->render('Admin/end', null, true)
 3 APPPATH\Views\Admin\adminindex.php(304): CodeIgniter\View\View->include('Admin/end')
 4 SYSTEMPATH\View\View.php(226): include('D:\\laragon\\www\\eCommerce\\app\\Views\\Admin\\adminindex.php')
 5 SYSTEMPATH\View\View.php(229): CodeIgniter\View\View->CodeIgniter\View\{closure}()
 6 SYSTEMPATH\Common.php(1188): CodeIgniter\View\View->render('Admin/adminindex', [], true)
 7 APPPATH\Controllers\UserController.php(14): view('Admin/adminindex')
 8 SYSTEMPATH\CodeIgniter.php(919): App\Controllers\UserController->adminindex()
 9 SYSTEMPATH\CodeIgniter.php(494): CodeIgniter\CodeIgniter->runController(Object(App\Controllers\UserController))
10 SYSTEMPATH\CodeIgniter.php(353): CodeIgniter\CodeIgniter->handleRequest(null, Object(Config\Cache), false)
11 FCPATH\index.php(79): CodeIgniter\CodeIgniter->run()
12 SYSTEMPATH\Commands\Server\rewrite.php(47): require_once('D:\\laragon\\www\\eCommerce\\public\\index.php')
CRITICAL - 2023-09-25 12:03:38 --> syntax error, unexpected token "."
in APPPATH\Views\Admin\end.php on line 2.
 1 SYSTEMPATH\View\View.php(229): CodeIgniter\View\View->CodeIgniter\View\{closure}()
 2 SYSTEMPATH\View\View.php(467): CodeIgniter\View\View->render('Admin/end', null, true)
 3 APPPATH\Views\Admin\adminindex.php(304): CodeIgniter\View\View->include('Admin/end')
 4 SYSTEMPATH\View\View.php(226): include('D:\\laragon\\www\\eCommerce\\app\\Views\\Admin\\adminindex.php')
 5 SYSTEMPATH\View\View.php(229): CodeIgniter\View\View->CodeIgniter\View\{closure}()
 6 SYSTEMPATH\Common.php(1188): CodeIgniter\View\View->render('Admin/adminindex', [], true)
 7 APPPATH\Controllers\UserController.php(14): view('Admin/adminindex')
 8 SYSTEMPATH\CodeIgniter.php(919): App\Controllers\UserController->adminindex()
 9 SYSTEMPATH\CodeIgniter.php(494): CodeIgniter\CodeIgniter->runController(Object(App\Controllers\UserController))
10 SYSTEMPATH\CodeIgniter.php(353): CodeIgniter\CodeIgniter->handleRequest(null, Object(Config\Cache), false)
11 FCPATH\index.php(79): CodeIgniter\CodeIgniter->run()
12 SYSTEMPATH\Commands\Server\rewrite.php(47): require_once('D:\\laragon\\www\\eCommerce\\public\\index.php')
CRITICAL - 2023-09-25 12:03:59 --> syntax error, unexpected token "."
in APPPATH\Views\Admin\end.php on line 2.
 1 SYSTEMPATH\View\View.php(229): CodeIgniter\View\View->CodeIgniter\View\{closure}()
 2 SYSTEMPATH\View\View.php(467): CodeIgniter\View\View->render('Admin/end', null, true)
 3 APPPATH\Views\Admin\adminindex.php(304): CodeIgniter\View\View->include('Admin/end')
 4 SYSTEMPATH\View\View.php(226): include('D:\\laragon\\www\\eCommerce\\app\\Views\\Admin\\adminindex.php')
 5 SYSTEMPATH\View\View.php(229): CodeIgniter\View\View->CodeIgniter\View\{closure}()
 6 SYSTEMPATH\Common.php(1188): CodeIgniter\View\View->render('Admin/adminindex', [], true)
 7 APPPATH\Controllers\UserController.php(14): view('Admin/adminindex')
 8 SYSTEMPATH\CodeIgniter.php(919): App\Controllers\UserController->adminindex()
 9 SYSTEMPATH\CodeIgniter.php(494): CodeIgniter\CodeIgniter->runController(Object(App\Controllers\UserController))
10 SYSTEMPATH\CodeIgniter.php(353): CodeIgniter\CodeIgniter->handleRequest(null, Object(Config\Cache), false)
11 FCPATH\index.php(79): CodeIgniter\CodeIgniter->run()
12 SYSTEMPATH\Commands\Server\rewrite.php(47): require_once('D:\\laragon\\www\\eCommerce\\public\\index.php')
CRITICAL - 2023-09-25 12:04:09 --> syntax error, unexpected token "."
in APPPATH\Views\Admin\end.php on line 2.
 1 SYSTEMPATH\View\View.php(229): CodeIgniter\View\View->CodeIgniter\View\{closure}()
 2 SYSTEMPATH\View\View.php(467): CodeIgniter\View\View->render('Admin/end', null, true)
 3 APPPATH\Views\Admin\adminindex.php(304): CodeIgniter\View\View->include('Admin/end')
 4 SYSTEMPATH\View\View.php(226): include('D:\\laragon\\www\\eCommerce\\app\\Views\\Admin\\adminindex.php')
 5 SYSTEMPATH\View\View.php(229): CodeIgniter\View\View->CodeIgniter\View\{closure}()
 6 SYSTEMPATH\Common.php(1188): CodeIgniter\View\View->render('Admin/adminindex', [], true)
 7 APPPATH\Controllers\UserController.php(14): view('Admin/adminindex')
 8 SYSTEMPATH\CodeIgniter.php(919): App\Controllers\UserController->adminindex()
 9 SYSTEMPATH\CodeIgniter.php(494): CodeIgniter\CodeIgniter->runController(Object(App\Controllers\UserController))
10 SYSTEMPATH\CodeIgniter.php(353): CodeIgniter\CodeIgniter->handleRequest(null, Object(Config\Cache), false)
11 FCPATH\index.php(79): CodeIgniter\CodeIgniter->run()
12 SYSTEMPATH\Commands\Server\rewrite.php(47): require_once('D:\\laragon\\www\\eCommerce\\public\\index.php')
